[0716/011350.065:ERROR:process_reader_win.cc(123)] NtOpenThread: {Accès refusé} Un processus a demandé l’accès a un objet, mais il ne bénéficie pas des autorisations nécessaires. (0xc0000022)
[0716/011350.271:ERROR:exception_snapshot_win.cc(98)] thread ID 2156 not found in process
[0716/011350.349:ERROR:process_reader_win.cc(123)] NtOpenThread: {Accès refusé} Un processus a demandé l’accès a un objet, mais il ne bénéficie pas des autorisations nécessaires. (0xc0000022)
[0716/011350.349:ERROR:exception_snapshot_win.cc(98)] thread ID 11568 not found in process
[0716/011350.699:ERROR:process_reader_win.cc(123)] NtOpenThread: {Accès refusé} Un processus a demandé l’accès a un objet, mais il ne bénéficie pas des autorisations nécessaires. (0xc0000022)
[0716/011350.700:ERROR:exception_snapshot_win.cc(98)] thread ID 2144 not found in process
[0716/011350.700:ERROR:process_reader_win.cc(123)] NtOpenThread: {Accès refusé} Un processus a demandé l’accès a un objet, mais il ne bénéficie pas des autorisations nécessaires. (0xc0000022)
[0716/011350.700:ERROR:exception_snapshot_win.cc(98)] thread ID 7364 not found in process
[0716/011350.745:ERROR:process_reader_win.cc(123)] NtOpenThread: {Accès refusé} Un processus a demandé l’accès a un objet, mais il ne bénéficie pas des autorisations nécessaires. (0xc0000022)
[0716/011350.745:ERROR:exception_snapshot_win.cc(98)] thread ID 2476 not found in process
[0716/011350.771:ERROR:process_reader_win.cc(123)] NtOpenThread: {Accès refusé} Un processus a demandé l’accès a un objet, mais il ne bénéficie pas des autorisations nécessaires. (0xc0000022)
[0716/011350.771:ERROR:exception_snapshot_win.cc(98)] thread ID 15016 not found in process
[0716/011350.898:ERROR:process_reader_win.cc(123)] NtOpenThread: {Accès refusé} Un processus a demandé l’accès a un objet, mais il ne bénéficie pas des autorisations nécessaires. (0xc0000022)
[0716/011350.898:ERROR:exception_snapshot_win.cc(98)] thread ID 15392 not found in process
[0716/011351.070:ERROR:process_reader_win.cc(123)] NtOpenThread: {Accès refusé} Un processus a demandé l’accès a un objet, mais il ne bénéficie pas des autorisations nécessaires. (0xc0000022)
[0716/011351.070:ERROR:exception_snapshot_win.cc(98)] thread ID 15132 not found in process
[0716/011351.101:ERROR:process_reader_win.cc(123)] NtOpenThread: {Accès refusé} Un processus a demandé l’accès a un objet, mais il ne bénéficie pas des autorisations nécessaires. (0xc0000022)
[0716/011351.101:ERROR:exception_snapshot_win.cc(98)] thread ID 12528 not found in process
[0716/011351.195:ERROR:process_reader_win.cc(123)] NtOpenThread: {Accès refusé} Un processus a demandé l’accès a un objet, mais il ne bénéficie pas des autorisations nécessaires. (0xc0000022)
[0716/011351.195:ERROR:exception_snapshot_win.cc(98)] thread ID 11352 not found in process
[0716/011351.226:ERROR:process_reader_win.cc(123)] NtOpenThread: {Accès refusé} Un processus a demandé l’accès a un objet, mais il ne bénéficie pas des autorisations nécessaires. (0xc0000022)
[0716/011351.226:ERROR:exception_snapshot_win.cc(98)] thread ID 13680 not found in process
[0716/011351.492:ERROR:process_reader_win.cc(123)] NtOpenThread: {Accès refusé} Un processus a demandé l’accès a un objet, mais il ne bénéficie pas des autorisations nécessaires. (0xc0000022)
[0716/011351.492:ERROR:exception_snapshot_win.cc(98)] thread ID 3032 not found in process
[0716/011351.929:ERROR:process_reader_win.cc(123)] NtOpenThread: {Accès refusé} Un processus a demandé l’accès a un objet, mais il ne bénéficie pas des autorisations nécessaires. (0xc0000022)
[0716/011351.929:ERROR:exception_snapshot_win.cc(98)] thread ID 15456 not found in process
[0716/011352.460:ERROR:process_reader_win.cc(123)] NtOpenThread: {Accès refusé} Un processus a demandé l’accès a un objet, mais il ne bénéficie pas des autorisations nécessaires. (0xc0000022)
[0716/011352.460:ERROR:exception_snapshot_win.cc(98)] thread ID 5204 not found in process
[0720/184012.691:ERROR:process_reader_win.cc(151)] SuspendThread: Accès refusé. (0x5)
[0720/184012.691:ERROR:process_reader_win.cc(151)] SuspendThread: Accès refusé. (0x5)
[0720/184012.800:ERROR:process_reader_win.cc(151)] SuspendThread: Accès refusé. (0x5)
[0720/184012.800:ERROR:process_reader_win.cc(151)] SuspendThread: Accès refusé. (0x5)
[0720/184012.800:ERROR:process_reader_win.cc(151)] SuspendThread: Accès refusé. (0x5)
[0720/184012.800:ERROR:process_reader_win.cc(151)] SuspendThread: Accès refusé. (0x5)
[0720/184012.800:ERROR:process_reader_win.cc(151)] SuspendThread: Accès refusé. (0x5)
[0720/184012.800:ERROR:process_reader_win.cc(151)] SuspendThread: Accès refusé. (0x5)
[0720/184012.800:ERROR:process_reader_win.cc(151)] SuspendThread: Accès refusé. (0x5)
[0720/184012.800:ERROR:process_reader_win.cc(151)] SuspendThread: Accès refusé. (0x5)
[0720/184012.800:ERROR:process_reader_win.cc(151)] SuspendThread: Accès refusé. (0x5)
[0720/184012.800:ERROR:process_reader_win.cc(151)] SuspendThread: Accès refusé. (0x5)
[0720/184012.800:ERROR:process_reader_win.cc(151)] SuspendThread: Accès refusé. (0x5)
[0720/184012.957:ERROR:process_info.cc(329)] VirtualQueryEx: Accès refusé. (0x5)
[0720/184012.957:ERROR:process_info.cc(556)] ReadMemoryInfo failed
[0720/184012.691:ERROR:process_reader_win.cc(123)] NtOpenThread: {Accès refusé} Un processus a demandé l’accès a un objet, mais il ne bénéficie pas des autorisations nécessaires. (0xc0000022)
[0720/184012.691:ERROR:process_reader_win.cc(123)] NtOpenThread: {Accès refusé} Un processus a demandé l’accès a un objet, mais il ne bénéficie pas des autorisations nécessaires. (0xc0000022)
[0720/184012.691:ERROR:process_reader_win.cc(123)] NtOpenThread: {Accès refusé} Un processus a demandé l’accès a un objet, mais il ne bénéficie pas des autorisations nécessaires. (0xc0000022)
[0720/184012.800:ERROR:process_reader_win.cc(123)] NtOpenThread: {Accès refusé} Un processus a demandé l’accès a un objet, mais il ne bénéficie pas des autorisations nécessaires. (0xc0000022)
[0720/184012.769:ERROR:process_reader_win.cc(123)] NtOpenThread: {Accès refusé} Un processus a demandé l’accès a un objet, mais il ne bénéficie pas des autorisations nécessaires. (0xc0000022)
[0720/184012.800:ERROR:process_reader_win.cc(123)] NtOpenThread: {Accès refusé} Un processus a demandé l’accès a un objet, mais il ne bénéficie pas des autorisations nécessaires. (0xc0000022)
[0720/184013.070:ERROR:exception_snapshot_win.cc(98)] thread ID 10924 not found in process
[0720/184013.070:ERROR:exception_snapshot_win.cc(98)] thread ID 8760 not found in process
[0720/184013.070:ERROR:exception_snapshot_win.cc(98)] thread ID 3480 not found in process
[0720/184013.070:ERROR:exception_snapshot_win.cc(98)] thread ID 7044 not found in process
[0720/184013.070:ERROR:exception_snapshot_win.cc(98)] thread ID 9632 not found in process
[0720/184013.070:ERROR:exception_snapshot_win.cc(98)] thread ID 2240 not found in process
[0720/184013.070:ERROR:scoped_process_suspend.cc(40)] NtResumeProcess: Tentative d’accès à un processus en cours d’arrêt. (0xc000010a)
[0720/184012.957:ERROR:scoped_process_suspend.cc(40)] NtResumeProcess: Tentative d’accès à un processus en cours d’arrêt. (0xc000010a)
[0720/184013.070:ERROR:scoped_process_suspend.cc(40)] NtResumeProcess: Tentative d’accès à un processus en cours d’arrêt. (0xc000010a)
[0720/184013.070:ERROR:scoped_process_suspend.cc(40)] NtResumeProcess: Tentative d’accès à un processus en cours d’arrêt. (0xc000010a)
[0720/184013.070:ERROR:scoped_process_suspend.cc(40)] NtResumeProcess: Tentative d’accès à un processus en cours d’arrêt. (0xc000010a)
[0720/184013.070:ERROR:scoped_process_suspend.cc(40)] NtResumeProcess: Tentative d’accès à un processus en cours d’arrêt. (0xc000010a)
[0720/184013.070:ERROR:scoped_process_suspend.cc(40)] NtResumeProcess: Tentative d’accès à un processus en cours d’arrêt. (0xc000010a)
